<?xml version="1.0" encoding="UTF-8"?>
<!-- Generated by org.testng.reporters.JUnitXMLReporter -->
<testsuite ignored="0" hostname="PSL-D8LCDN3" failures="0" tests="3" name="RUN ON ChromeTest" time="78.331" errors="0" timestamp="2023-08-09T18:24:44 IST">
  <testcase classname="lambdaTest.TestScenario1" name="formDemo" time="5.291"/>
  <testcase classname="lambdaTest.TestScenario3" name="inputFormSubmit" time="11.568"/>
  <testcase classname="lambdaTest.TestScenario2" name="dragDropBySlider" time="6.154"/>
</testsuite> <!-- RUN ON ChromeTest -->
