<?xml version="1.0" encoding="UTF-8"?>
<!-- Generated by org.testng.reporters.JUnitXMLReporter -->
<testsuite ignored="0" hostname="PSL-D8LCDN3" failures="0" tests="3" name="RUN ON EdgeTest" time="39.886" errors="0" timestamp="2023-08-09T18:25:24 IST">
  <testcase classname="lambdaTest.TestScenario2" name="dragDropBySlider" time="4.445"/>
  <testcase classname="lambdaTest.TestScenario1" name="formDemo" time="4.432"/>
  <testcase classname="lambdaTest.TestScenario3" name="inputFormSubmit" time="13.123"/>
</testsuite> <!-- RUN ON EdgeTest -->
